2024-05-02 00:52:35[1;31m用户名：admin 密码：admin 登录失败[0m
2024-05-02 00:52:35[1;31m用户名：admin 密码：123 登录失败[0m
2024-05-02 00:52:35[1;31m用户名：admin 密码：123456 登录失败[0m
2024-05-02 00:52:35[1;31m用户名：admin 密码：root 登录失败[0m
2024-05-02 00:52:35[1;31m用户名：admin 密码：administrator 登录失败[0m
2024-05-02 00:52:35[1;31m当前用户和密码组合尝试完毕，未找到有效登录信息[0m
2024-05-02 00:52:35[1;31m用户名：test 密码：admin 登录失败[0m
2024-05-02 00:52:35[1;31m用户名：test 密码：123 登录失败[0m
2024-05-02 00:52:35[1;31m用户名：test 密码：123456 登录失败[0m
2024-05-02 00:52:35[1;31m用户名：test 密码：root 登录失败[0m
2024-05-02 00:52:35[1;31m用户名：test 密码：administrator 登录失败[0m
2024-05-02 00:52:35[1;31m当前用户和密码组合尝试完毕，未找到有效登录信息[0m
2024-05-02 00:52:35[1;31m用户名：root 密码：admin 登录失败，FTP拒绝连接[0m
2024-05-02 00:52:35[1;31m用户名：root 密码：123 登录失败，FTP拒绝连接[0m
2024-05-02 00:52:35[1;31m用户名：root 密码：123456 登录失败，FTP拒绝连接[0m
2024-05-02 00:52:35[1;31m用户名：root 密码：root 登录失败，FTP拒绝连接[0m
2024-05-02 00:52:35[1;31m用户名：root 密码：administrator 登录失败，FTP拒绝连接[0m
2024-05-02 00:52:35[1;31m当前用户和密码组合尝试完毕，未找到有效登录信息[0m
2024-05-02 00:52:35[1;31m用户名：Administrator 密码：admin 登录失败[0m
2024-05-02 00:52:35[1;31m用户名：Administrator 密码：123 登录失败[0m
2024-05-02 00:52:35[1;31m用户名：Administrator 密码：123456 登录失败[0m
2024-05-02 00:52:35[1;31m用户名：Administrator 密码：root 登录失败[0m
2024-05-02 00:52:35[1;31m用户名：Administrator 密码：administrator 登录失败[0m
2024-05-02 00:52:35[1;31m当前用户和密码组合尝试完毕，未找到有效登录信息[0m
2024-05-02 00:52:35[1;31m用户名：user1 密码：admin 登录失败[0m
